app/build/outputs/logs/manifest-merger-arm7-debug-report.txt
-- Merging decision tree log ---
manifest
ADDED from src\main\AndroidManifest.xml:2:1-23:12
	xmlns:android
		ADDED from src\main\AndroidManifest.xml:2:11-69
	package
		ADDED from src\main\AndroidManifest.xml:3:3-36
		INJECTED from src\main\AndroidManifest.xml
		INJECTED from src\main\AndroidManifest.xml
	android:versionName
		ADDED from src\main\AndroidManifest.xml:4:27-52
		INJECTED from src\main\AndroidManifest.xml
		INJECTED from src\main\AndroidManifest.xml
	android:versionCode
		ADDED from src\main\AndroidManifest.xml:4:3-26
		INJECTED from src\main\AndroidManifest.xml
		INJECTED from src\main\AndroidManifest.xml
uses-sdk
ADDED from src\main\AndroidManifest.xml:5:3-71
	android:targetSdkVersion
		ADDED from src\main\AndroidManifest.xml:5:40-69
		INJECTED from src\main\AndroidManifest.xml
		INJECTED from src\main\AndroidManifest.xml
	android:minSdkVersion
		ADDED from src\main\AndroidManifest.xml:5:13-39
		INJECTED from src\main\AndroidManifest.xml
		INJECTED from src\main\AndroidManifest.xml
uses-permission#android.permission.CAMERA
ADDED from src\main\AndroidManifest.xml:6:3-63
	android:name
		ADDED from src\main\AndroidManifest.xml:6:20-60
application
ADDED from src\main\AndroidManifest.xml:8:3-22:17
	android:label
		ADDED from src\main\AndroidManifest.xml:11:5-37
	android:allowBackup
		ADDED from src\main\AndroidManifest.xml:9:5-32
	android:icon
		ADDED from src\main\AndroidManifest.xml:10:5-34
activity#com.packtpub.livecamera.LiveCameraActivity
ADDED from src\main\AndroidManifest.xml:12:5-21:16
	android:screenOrientation
		ADDED from src\main\AndroidManifest.xml:15:7-44
	android:label
		ADDED from src\main\AndroidManifest.xml:14:7-39
	android:theme
		ADDED from src\main\AndroidManifest.xml:16:7-65
	android:name
		ADDED from src\main\AndroidManifest.xml:13:7-41
intent-filter#android.intent.action.MAIN+android.intent.category.LAUNCHER
ADDED from src\main\AndroidManifest.xml:17:7-20:23
action#android.intent.action.MAIN
ADDED from src\main\AndroidManifest.xml:18:9-61
	android:name
		ADDED from src\main\AndroidManifest.xml:18:17-58
category#android.intent.category.LAUNCHER
ADDED from src\main\AndroidManifest.xml:19:9-69
	android:name
		ADDED from src\main\AndroidManifest.xml:19:19-66